Namespace(cfg='experiments/300w/face_alignment_300w_hrnet_w18.yaml', model_file='final_state.pth')
{'AUTO_RESUME': False,
 'CUDNN': CfgNode({'BENCHMARK': True, 'DETERMINISTIC': False, 'ENABLED': True}),
 'DATASET': {'DATASET': '300W',
             'FLIP': False,
             'ROOT': './data/300w/images',
             'ROT_FACTOR': 30,
             'SCALE_FACTOR': 0.25,
             'TESTSET': './data/300w/face_landmarks_300w_valid.csv',
             'TRAINSET': './data/300w/face_landmarks_300w_train.csv'},
 'GPUS': (0, 1),
 'LOG_DIR': 'log',
 'MODEL': {'EXTRA': {'FINAL_CONV_KERNEL': 1,
                     'PRETRAINED_LAYERS': ['*'],
                     'STAGE2': {'BLOCK': 'BASIC',
                                'FUSE_METHOD': 'SUM',
                                'NUM_BLOCKS': [4, 4],
                                'NUM_BRANCHES': 2,
                                'NUM_CHANNELS': [18, 36],
                                'NUM_MODULES': 1},
                     'STAGE3': {'BLOCK': 'BASIC',
                                'FUSE_METHOD': 'SUM',
                                'NUM_BLOCKS': [4, 4, 4],
                                'NUM_BRANCHES': 3,
                                'NUM_CHANNELS': [18, 36, 72],
                                'NUM_MODULES': 4},
                     'STAGE4': {'BLOCK': 'BASIC',
                                'FUSE_METHOD': 'SUM',
                                'NUM_BLOCKS': [4, 4, 4, 4],
                                'NUM_BRANCHES': 4,
                                'NUM_CHANNELS': [18, 36, 72, 144],
                                'NUM_MODULES': 3},
                     'STEM_INPLANES': 64,
                     'WITH_HEAD': True},
           'HEATMAP_SIZE': [128, 128],
           'IMAGE_SIZE': [512, 512],
           'INIT_WEIGHTS': True,
           'NAME': 'hrnet',
           'NUM_JOINTS': 96,
           'PRETRAINED': 'hrnetv2_pretrained/hrnetv2_w18_imagenet_pretrained.pth',
           'SIGMA': 1.0,
           'TARGET_TYPE': 'Gaussian'},
 'OUTPUT_DIR': 'output',
 'PIN_MEMORY': True,
 'PRINT_FREQ': 50,
 'TEST': CfgNode({'BATCH_SIZE_PER_GPU': 8}),
 'TRAIN': {'BATCH_SIZE_PER_GPU': 16,
           'BEGIN_EPOCH': 0,
           'CHECKPOINT': '',
           'END_EPOCH': 60,
           'LR': 0.0001,
           'LR_FACTOR': 0.1,
           'LR_STEP': [30, 50],
           'MOMENTUM': 0.0,
           'NESTEROV': False,
           'OPTIMIZER': 'adam',
           'RESUME': True,
           'SHUFFLE': True,
           'WD': 0.0},
 'WORKERS': 8}
=> init weights from normal distribution
/public/home/zhaojh1/.conda/envs/pytorch/lib/python3.6/site-packages/torch/utils/data/dataloader.py:481: UserWarning: This DataLoader will create 8 worker processes in total. Our suggested max number of worker in current system is 1, which is smaller than what this DataLoader is going to create. Please be aware that excessive worker creation might get DataLoader running slow or even freeze, lower the worker number to avoid potential slowness/freeze if necessary.
  cpuset_checked))
Test Results time:4.9174 loss:0.0000 nme:4.4271 [008]:1.0000 [010]:1.0000
