=> creating output
=> creating output/300W/face_alignment_300w_hrnet_w18
=> creating log/300W/hrnet/face_alignment_300w_hrnet_w18_2022-03-20-14-09
=> no checkpoint found
best: False
best: False
best: False
best: False
best: False
best: False
best: True
best: True
best: True
best: False
best: True
best: True
best: False
best: True
best: True
best: False
best: False
best: False
best: True
best: True
best: False
best: False
best: False
best: False
best: False
best: False
best: False
best: False
best: False
best: False
